<?xml version="1.0" encoding="UTF-8"?>
<!-- Generated by org.testng.reporters.JUnitReportReporter -->
<testsuite hostname="DESKTOP-1VT60C3" failures="0" tests="8" name="testNG.Priority" time="0.022" errors="0" timestamp="2022-04-26T00:03:04 IST" skipped="0">
  <testcase classname="testNG.Priority" name="StartToDriveAbike" time="0.003"/>
  <system-out/>
  <testcase classname="testNG.Priority" name="Putakey" time="0.002"/>
  <system-out/>
  <testcase classname="testNG.Priority" name="Startabike" time="0.003"/>
  <system-out/>
  <testcase classname="testNG.Priority" name="putafirstgear" time="0.002"/>
  <system-out/>
  <testcase classname="testNG.Priority" name="putasecondgear" time="0.002"/>
  <system-out/>
  <testcase classname="testNG.Priority" name="putathirdgear" time="0.006"/>
  <system-out/>
  <testcase classname="testNG.Priority" name="putafourthgear" time="0.002"/>
  <system-out/>
  <testcase classname="testNG.Priority" name="putafifthgear" time="0.002"/>
  <system-out/>
</testsuite> <!-- testNG.Priority -->
