<?xml version="1.0" encoding="UTF-8"?>
<!-- Generated by org.testng.reporters.JUnitReportReporter -->
<testsuite hostname="DESKTOP-1VT60C3" failures="0" tests="4" name="testNG.AnnotationHierachyExample" time="0.027" errors="0" timestamp="2022-04-26T18:54:51 IST" skipped="0">
  <testcase classname="testNG.AnnotationHierachyExample" name="test2" time="0.005"/>
  <system-out/>
  <testcase classname="testNG.AnnotationHierachyExample" name="test3" time="0.004"/>
  <system-out/>
  <testcase classname="testNG.AnnotationHierachyExample" name="test1" time="0.004"/>
  <system-out/>
  <testcase classname="testNG.AnnotationHierachyExample" name="test" time="0.014"/>
  <system-out/>
</testsuite> <!-- testNG.AnnotationHierachyExample -->
