<?xml version="1.0" encoding="UTF-8"?>
<!-- Generated by org.testng.reporters.JUnitReportReporter -->
<testsuite hostname="DESKTOP-1VT60C3" failures="0" tests="3" name="testNG.DependenciesManagement" time="0.025" errors="0" timestamp="2022-05-04T19:19:36 IST" skipped="0">
  <testcase classname="testNG.DependenciesManagement" name="highersecondary" time="0.002"/>
  <system-out/>
  <testcase classname="testNG.DependenciesManagement" name="engineering" time="0.001"/>
  <system-out/>
  <testcase classname="testNG.DependenciesManagement" name="highschool" time="0.022"/>
  <system-out/>
</testsuite> <!-- testNG.DependenciesManagement -->
