<?xml version="1.0" encoding="UTF-8"?>
<!-- Generated by org.testng.reporters.JUnitReportReporter -->
<testsuite hostname="DESKTOP-1VT60C3" failures="0" tests="2" name="testNG.GroupingExample" time="0.019" errors="0" timestamp="2022-04-26T00:27:44 IST" skipped="0">
  <testcase classname="testNG.GroupingExample" name="mango" time="0.003"/>
  <system-out/>
  <testcase classname="testNG.GroupingExample" name="carrot" time="0.016"/>
  <system-out/>
</testsuite> <!-- testNG.GroupingExample -->
