<?xml version="1.0" encoding="UTF-8"?>
<!-- Generated by org.testng.reporters.JUnitReportReporter -->
<testsuite hostname="DESKTOP-1VT60C3" failures="0" tests="3" name="testNG.SuiteExample" time="4.808" errors="0" timestamp="2022-04-26T13:55:46 IST" skipped="0">
  <testcase classname="testNG.SuiteExample" name="openchrome" time="2.733"/>
  <system-out/>
  <testcase classname="testNG.SuiteExample" name="openbing" time="0.901"/>
  <system-out/>
  <testcase classname="testNG.SuiteExample" name="openyahoo" time="1.174"/>
  <system-out/>
</testsuite> <!-- testNG.SuiteExample -->
