<?xml version="1.0" encoding="UTF-8"?>
<!-- Generated by org.testng.reporters.JUnitReportReporter -->
<testsuite hostname="DESKTOP-1VT60C3" failures="0" tests="3" name="testNG.ParallelTestingExample" time="6.429" errors="0" timestamp="2022-04-26T18:37:26 IST" skipped="0">
  <testcase classname="testNG.ParallelTestingExample" name="openchrome" time="2.398"/>
  <system-out/>
  <testcase classname="testNG.ParallelTestingExample" name="openbing" time="2.509"/>
  <system-out/>
  <testcase classname="testNG.ParallelTestingExample" name="openyahoo" time="1.522"/>
  <system-out/>
</testsuite> <!-- testNG.ParallelTestingExample -->
