<?xml version="1.0" encoding="UTF-8"?>
<!-- Generated by org.testng.reporters.JUnitReportReporter -->
<testsuite hostname="DESKTOP-1VT60C3" failures="0" tests="9" name="testNG.SkipATestCase" time="0.014" errors="0" timestamp="2022-04-26T00:03:04 IST" skipped="1">
  <testcase classname="testNG.SkipATestCase" name="StartToDriveAbike" time="0.002"/>
  <system-out/>
  <testcase classname="testNG.SkipATestCase" name="Putakey" time="0.002"/>
  <system-out/>
  <testcase classname="testNG.SkipATestCase" name="Startabike" time="0.002"/>
  <system-out/>
  <testcase classname="testNG.SkipATestCase" name="putafirstgear" time="0.002"/>
  <system-out/>
  <testcase classname="testNG.SkipATestCase" name="putasecondgear" time="0.001"/>
  <system-out/>
  <testcase classname="testNG.SkipATestCase" name="putathirdgear" time="0.001"/>
  <system-out/>
  <testcase classname="testNG.SkipATestCase" name="putafourthgear" time="0.002"/>
  <system-out/>
  <testcase classname="testNG.SkipATestCase" name="putafifthgear" time="0.002"/>
  <system-out/>
  <testcase classname="testNG.SkipATestCase" name="presshorn">
    <skipped/>
  </testcase> <!-- presshorn -->
  <system-out/>
</testsuite> <!-- testNG.SkipATestCase -->
