<?xml version="1.0" encoding="UTF-8"?>
<!-- Generated by org.testng.reporters.JUnitReportReporter -->
<testsuite hostname="DESKTOP-1VT60C3" failures="0" tests="6" name="testNG.SampleTestCase" time="0.011" errors="0" timestamp="2022-04-26T00:03:04 IST" skipped="0">
  <testcase classname="testNG.SampleTestCase" name="firsttestcase" time="0.001"/>
  <system-out/>
  <testcase classname="testNG.SampleTestCase" name="fifthtestcase" time="0.002"/>
  <system-out/>
  <testcase classname="testNG.SampleTestCase" name="sixthtestcase" time="0.003"/>
  <system-out/>
  <testcase classname="testNG.SampleTestCase" name="fourthtestcase" time="0.001"/>
  <system-out/>
  <testcase classname="testNG.SampleTestCase" name="thirdtestcase" time="0.002"/>
  <system-out/>
  <testcase classname="testNG.SampleTestCase" name="secondtestcase" time="0.002"/>
  <system-out/>
</testsuite> <!-- testNG.SampleTestCase -->
