<?xml version="1.0" encoding="UTF-8"?>
<!-- Generated by org.testng.reporters.JUnitReportReporter -->
<testsuite hostname="DESKTOP-1VT60C3" failures="0" tests="1" name="testNG.AssertionsExample" time="0.020" errors="0" timestamp="2022-04-26T18:42:30 IST" skipped="0">
  <testcase classname="testNG.AssertionsExample" name="checkname" time="0.020"/>
  <system-out/>
</testsuite> <!-- testNG.AssertionsExample -->
