<?xml version="1.0" encoding="UTF-8"?>
<!-- Generated by org.testng.reporters.JUnitReportReporter -->
<testsuite hostname="DESKTOP-1VT60C3" failures="0" tests="1" name="testNG.ParameterExample" time="0.021" errors="0" timestamp="2022-04-26T00:45:24 IST" skipped="0">
  <testcase classname="testNG.ParameterExample" name="mynameis" time="0.021"/>
  <system-out/>
</testsuite> <!-- testNG.ParameterExample -->
